<?xml version="1.0" encoding="UTF-8"?>
<beans xmlns="http://www.springframework.org/schema/beans"
    xmlns:xsi="http://www.w3.org/2001/XMLSchema-instance"
    xmlns:context="http://www.springframework.org/schema/context"
    xmlns:tx="http://www.springframework.org/schema/tx"
    xsi:schemaLocation="http://www.springframework.org/schema/beans http://www.springframework.org/schema/beans/spring-beans-3.0.xsd
    http://www.springframework.org/schema/context http://www.springframework.org/schema/context/spring-context-3.0.xsd
    http://www.springframework.org/schema/tx http://www.springframework.org/schema/tx/spring-tx-3.0.xsd" default-autowire="byName">

    <bean id="dataSource" class="org.apache.commons.dbcp.BasicDataSource">
 	   <property name="driverClassName" value="org.h2.Driver" />
 	   <property name="username" value="h2" />
 	   <property name="url" value="jdbc:p6spy:h2:mem:test-fetch-lazy;MVCC=TRUE" />
    </bean>

    <bean id="sessionFactory"
        class="org.springframework.orm.hibernate3.annotation.AnnotationSessionFactoryBean">
 	   <property name="dataSource">
 		   <ref bean="dataSource" />
 	   </property>
 	   <property name="hibernateProperties">
			<props>
				<prop key="hibernate.dialect">org.hibernate.dialect.H2Dialect</prop>
				<prop key="hibernate.show_sql">true</prop>
 			   <prop key="hibernate.hbm2ddl.auto">create-drop</prop>
 			   <prop key="hibernate.generate_statistics">true</prop>
			</props>
 	   </property>
 	   <property name="packagesToScan" value="be.fabrice.fetch.lazy.oneToOne" />
    </bean>
    
    <tx:annotation-driven transaction-manager="transactionManager" />
    
    <bean id="transactionManager" class="org.springframework.orm.hibernate3.HibernateTransactionManager">
   	 	<property name="sessionFactory" ref="sessionFactory" />
    </bean>
</beans>
