<?xml version="1.0" encoding="UTF-8"?>
<beans xmlns="http://www.springframework.org/schema/beans"
    xmlns:xsi="http://www.w3.org/2001/XMLSchema-instance"
    xmlns:context="http://www.springframework.org/schema/context"
    xmlns:tx="http://www.springframework.org/schema/tx"
    xsi:schemaLocation="http://www.springframework.org/schema/beans http://www.springframework.org/schema/beans/spring-beans-3.0.xsd
    http://www.springframework.org/schema/context http://www.springframework.org/schema/context/spring-context-3.0.xsd
    http://www.springframework.org/schema/tx http://www.springframework.org/schema/tx/spring-tx-3.0.xsd" default-autowire="byName">
	
	<bean id="mockFlushEntityListener" class="be.fabrice.utils.MockFlushEntityListener" />
	
	<bean id="mockSessionFlushListener" class="be.fabrice.utils.MockSessionFlushListener" />
	
    <bean id="dataSource" class="org.apache.commons.dbcp.BasicDataSource">
 	   <property name="driverClassName" value="com.p6spy.engine.spy.P6SpyDriver" />
 	   <property name="username" value="h2" />
 	   <property name="url" value="jdbc:p6spy:h2:mem:test-navigation;MVCC=TRUE" />
    </bean>

    <bean id="sessionFactory"
        class="org.springframework.orm.hibernate3.annotation.AnnotationSessionFactoryBean">
 	   <property name="dataSource">
 		   <ref bean="dataSource" />
 	   </property>
 	   <property name="hibernateProperties">
 		   <value>
 			   hibernate.dialect=org.hibernate.dialect.H2Dialect
 			   hibernate.show_sql=true
 			   hibernate.hbm2ddl.auto=create-drop
 		   </value>
 	   </property>
 	   <property name="packagesToScan" value="be.fabrice.join.navigation" />
		<property name="eventListeners">
			<map>
				<entry key="flush"><ref bean="mockSessionFlushListener" /></entry>
				<entry key="flush-entity"><ref bean="mockFlushEntityListener" /></entry>
			</map>
		</property>
    </bean>
    
    <tx:annotation-driven transaction-manager="transactionManager" />
    
    <bean id="transactionManager" class="org.springframework.orm.hibernate3.HibernateTransactionManager">
   	 	<property name="sessionFactory" ref="sessionFactory" />
    </bean>
</beans>
